<?xml version="1.0" encoding="utf-8"?><testsuites name="pytest tests"><testsuite name="pytest" errors="2" failures="0" skipped="0" tests="2" time="0.496" timestamp="2026-09-01T09:17:48.400470-03:00" hostname="nahuel-VirtualBox"><testcase classname="" name="tests.test_multiplicacion" time="0.000"><error message="collection failure">venv/lib/python3.14/site-packages/_pytest/python.py:508: in importtestmodule
    mod = import_path(
venv/lib/python3.14/site-packages/_pytest/pathlib.py:596: in import_path
    importlib.import_module(module_name)
/usr/lib/python3.14/importlib/__init__.py:88: in import_module
    return _bootstrap._gcd_import(name[level:], package, level)
           ^^^^^^^^^^^^^^^^^^^^^^^^^^^^^^^^^^^^^^^^^^^^^^^^^^^^
&lt;frozen importlib._bootstrap&gt;:1406: in _gcd_import
    ???
&lt;frozen importlib._bootstrap&gt;:1371: in _find_and_load
    ???
&lt;frozen importlib._bootstrap&gt;:1342: in _find_and_load_unlocked
    ???
&lt;frozen importlib._bootstrap&gt;:938: in _load_unlocked
    ???
venv/lib/python3.14/site-packages/_pytest/assertion/rewrite.py:179: in exec_module
    source_stat, co = _rewrite_test(fn, self.config)
                      ^^^^^^^^^^^^^^^^^^^^^^^^^^^^^^
venv/lib/python3.14/site-packages/_pytest/assertion/rewrite.py:348: in _rewrite_test
    tree = ast.parse(source, filename=strfn)
           ^^^^^^^^^^^^^^^^^^^^^^^^^^^^^^^^^
/usr/lib/python3.14/ast.py:46: in parse
    return compile(source, filename, mode, flags,
E     File "/home/nahuel/Documentos/curso_jenkins/curso-jenkins/proyecto_pytest/tests/test_multiplicacion.py", line 8
E       assert multiplicar(1, 2) = 2
E                                ^
E   SyntaxError: invalid syntax</error></testcase><testcase classname="" name="tests.test_suma" time="0.000"><error message="collection failure">venv/lib/python3.14/site-packages/_pytest/python.py:508: in importtestmodule
    mod = import_path(
venv/lib/python3.14/site-packages/_pytest/pathlib.py:596: in import_path
    importlib.import_module(module_name)
/usr/lib/python3.14/importlib/__init__.py:88: in import_module
    return _bootstrap._gcd_import(name[level:], package, level)
           ^^^^^^^^^^^^^^^^^^^^^^^^^^^^^^^^^^^^^^^^^^^^^^^^^^^^
&lt;frozen importlib._bootstrap&gt;:1406: in _gcd_import
    ???
&lt;frozen importlib._bootstrap&gt;:1371: in _find_and_load
    ???
&lt;frozen importlib._bootstrap&gt;:1342: in _find_and_load_unlocked
    ???
&lt;frozen importlib._bootstrap&gt;:938: in _load_unlocked
    ???
venv/lib/python3.14/site-packages/_pytest/assertion/rewrite.py:179: in exec_module
    source_stat, co = _rewrite_test(fn, self.config)
                      ^^^^^^^^^^^^^^^^^^^^^^^^^^^^^^
venv/lib/python3.14/site-packages/_pytest/assertion/rewrite.py:348: in _rewrite_test
    tree = ast.parse(source, filename=strfn)
           ^^^^^^^^^^^^^^^^^^^^^^^^^^^^^^^^^
/usr/lib/python3.14/ast.py:46: in parse
    return compile(source, filename, mode, flags,
E     File "/home/nahuel/Documentos/curso_jenkins/curso-jenkins/proyecto_pytest/tests/test_suma.py", line 8
E       assert suma(1, 2) = 3
E                         ^
E   SyntaxError: invalid syntax</error></testcase></testsuite></testsuites>